Last node flushed, predicted address cached:
Linked list length: 960
Stride between loads: -64
MULs in speculation window: 0
0/1000 transient, 1000/1000 architectural

Linked list length: 960
Stride between loads: -64
MULs in speculation window: 10
2/1000 transient, 1000/1000 architectural

Linked list length: 960
Stride between loads: -64
MULs in speculation window: 20
0/1000 transient, 1000/1000 architectural

Linked list length: 960
Stride between loads: -64
MULs in speculation window: 30
998/1000 transient, 1000/1000 architectural

Linked list length: 960
Stride between loads: -64
MULs in speculation window: 40
996/1000 transient, 1000/1000 architectural

Linked list length: 960
Stride between loads: -64
MULs in speculation window: 50
1/1000 transient, 1000/1000 architectural

Linked list length: 960
Stride between loads: -64
MULs in speculation window: 60
1/1000 transient, 1000/1000 architectural

Linked list length: 960
Stride between loads: -64
MULs in speculation window: 70
0/1000 transient, 1000/1000 architectural

Linked list length: 960
Stride between loads: -64
MULs in speculation window: 80
0/1000 transient, 1000/1000 architectural

Linked list length: 960
Stride between loads: -64
MULs in speculation window: 90
997/1000 transient, 1000/1000 architectural

Linked list length: 960
Stride between loads: -64
MULs in speculation window: 100
1/1000 transient, 1000/1000 architectural

Linked list length: 960
Stride between loads: -64
MULs in speculation window: 110
2/1000 transient, 1000/1000 architectural

Linked list length: 960
Stride between loads: -64
MULs in speculation window: 120
1/1000 transient, 1000/1000 architectural

Linked list length: 960
Stride between loads: -64
MULs in speculation window: 130
1/1000 transient, 1000/1000 architectural

Linked list length: 960
Stride between loads: -64
MULs in speculation window: 140
0/1000 transient, 1000/1000 architectural

Linked list length: 960
Stride between loads: -64
MULs in speculation window: 150
719/1000 transient, 1000/1000 architectural

Linked list length: 960
Stride between loads: -64
MULs in speculation window: 160
0/1000 transient, 1000/1000 architectural

Linked list length: 960
Stride between loads: -64
MULs in speculation window: 170
0/1000 transient, 1000/1000 architectural

Linked list length: 960
Stride between loads: -64
MULs in speculation window: 180
2/1000 transient, 1000/1000 architectural

Linked list length: 960
Stride between loads: -64
MULs in speculation window: 190
990/1000 transient, 1000/1000 architectural

Linked list length: 960
Stride between loads: -64
MULs in speculation window: 200
0/1000 transient, 1000/1000 architectural

Linked list length: 960
Stride between loads: -64
MULs in speculation window: 210
690/1000 transient, 1000/1000 architectural

Linked list length: 960
Stride between loads: -64
MULs in speculation window: 220
0/1000 transient, 1000/1000 architectural

Linked list length: 960
Stride between loads: -64
MULs in speculation window: 230
0/1000 transient, 1000/1000 architectural

Linked list length: 960
Stride between loads: -64
MULs in speculation window: 240
976/1000 transient, 1000/1000 architectural

Linked list length: 960
Stride between loads: -64
MULs in speculation window: 250
1/1000 transient, 1000/1000 architectural

Linked list length: 960
Stride between loads: -64
MULs in speculation window: 260
997/1000 transient, 1000/1000 architectural

Linked list length: 960
Stride between loads: -64
MULs in speculation window: 270
998/1000 transient, 1000/1000 architectural

Linked list length: 960
Stride between loads: -64
MULs in speculation window: 280
998/1000 transient, 1000/1000 architectural

Linked list length: 960
Stride between loads: -64
MULs in speculation window: 290
998/1000 transient, 1000/1000 architectural

Linked list length: 960
Stride between loads: -64
MULs in speculation window: 300
2/1000 transient, 1000/1000 architectural

Last node cached, predicted address cached:
Linked list length: 960
Stride between loads: -64
MULs in speculation window: 0
0/1000 transient, 1000/1000 architectural

Linked list length: 960
Stride between loads: -64
MULs in speculation window: 10
835/1000 transient, 1000/1000 architectural

Linked list length: 960
Stride between loads: -64
MULs in speculation window: 20
945/1000 transient, 1000/1000 architectural

Linked list length: 960
Stride between loads: -64
MULs in speculation window: 30
775/1000 transient, 1000/1000 architectural

Linked list length: 960
Stride between loads: -64
MULs in speculation window: 40
0/1000 transient, 1000/1000 architectural

Linked list length: 960
Stride between loads: -64
MULs in speculation window: 50
767/1000 transient, 1000/1000 architectural

Linked list length: 960
Stride between loads: -64
MULs in speculation window: 60
530/1000 transient, 1000/1000 architectural

Linked list length: 960
Stride between loads: -64
MULs in speculation window: 70
966/1000 transient, 1000/1000 architectural

Linked list length: 960
Stride between loads: -64
MULs in speculation window: 80
927/1000 transient, 1000/1000 architectural

Linked list length: 960
Stride between loads: -64
MULs in speculation window: 90
978/1000 transient, 1000/1000 architectural

Linked list length: 960
Stride between loads: -64
MULs in speculation window: 100
975/1000 transient, 1000/1000 architectural

Linked list length: 960
Stride between loads: -64
MULs in speculation window: 110
957/1000 transient, 1000/1000 architectural

Linked list length: 960
Stride between loads: -64
MULs in speculation window: 120
482/1000 transient, 1000/1000 architectural

Linked list length: 960
Stride between loads: -64
MULs in speculation window: 130
404/1000 transient, 1000/1000 architectural

Linked list length: 960
Stride between loads: -64
MULs in speculation window: 140
919/1000 transient, 1000/1000 architectural

Linked list length: 960
Stride between loads: -64
MULs in speculation window: 150
983/1000 transient, 1000/1000 architectural

Linked list length: 960
Stride between loads: -64
MULs in speculation window: 160
965/1000 transient, 1000/1000 architectural

Linked list length: 960
Stride between loads: -64
MULs in speculation window: 170
0/1000 transient, 1000/1000 architectural

Linked list length: 960
Stride between loads: -64
MULs in speculation window: 180
979/1000 transient, 1000/1000 architectural

Linked list length: 960
Stride between loads: -64
MULs in speculation window: 190
880/1000 transient, 1000/1000 architectural

Linked list length: 960
Stride between loads: -64
MULs in speculation window: 200
939/1000 transient, 1000/1000 architectural

Linked list length: 960
Stride between loads: -64
MULs in speculation window: 210
942/1000 transient, 1000/1000 architectural

Linked list length: 960
Stride between loads: -64
MULs in speculation window: 220
858/1000 transient, 1000/1000 architectural

Linked list length: 960
Stride between loads: -64
MULs in speculation window: 230
950/1000 transient, 1000/1000 architectural

Linked list length: 960
Stride between loads: -64
MULs in speculation window: 240
962/1000 transient, 1000/1000 architectural

Linked list length: 960
Stride between loads: -64
MULs in speculation window: 250
939/1000 transient, 1000/1000 architectural

Linked list length: 960
Stride between loads: -64
MULs in speculation window: 260
948/1000 transient, 1000/1000 architectural

Linked list length: 960
Stride between loads: -64
MULs in speculation window: 270
907/1000 transient, 1000/1000 architectural

Linked list length: 960
Stride between loads: -64
MULs in speculation window: 280
0/1000 transient, 1000/1000 architectural

Linked list length: 960
Stride between loads: -64
MULs in speculation window: 290
942/1000 transient, 1000/1000 architectural

Linked list length: 960
Stride between loads: -64
MULs in speculation window: 300
0/1000 transient, 1000/1000 architectural

Last node flushed, predicted address flushed:
Linked list length: 960
Stride between loads: -64
MULs in speculation window: 0
2/1000 transient, 1000/1000 architectural

Linked list length: 960
Stride between loads: -64
MULs in speculation window: 10
1/1000 transient, 1000/1000 architectural

Linked list length: 960
Stride between loads: -64
MULs in speculation window: 20
2/1000 transient, 1000/1000 architectural

Linked list length: 960
Stride between loads: -64
MULs in speculation window: 30
995/1000 transient, 1000/1000 architectural

Linked list length: 960
Stride between loads: -64
MULs in speculation window: 40
0/1000 transient, 1000/1000 architectural

Linked list length: 960
Stride between loads: -64
MULs in speculation window: 50
998/1000 transient, 1000/1000 architectural

Linked list length: 960
Stride between loads: -64
MULs in speculation window: 60
926/1000 transient, 1000/1000 architectural

Linked list length: 960
Stride between loads: -64
MULs in speculation window: 70
991/1000 transient, 1000/1000 architectural

Linked list length: 960
Stride between loads: -64
MULs in speculation window: 80
0/1000 transient, 1000/1000 architectural

Linked list length: 960
Stride between loads: -64
MULs in speculation window: 90
1/1000 transient, 1000/1000 architectural

Linked list length: 960
Stride between loads: -64
MULs in speculation window: 100
1/1000 transient, 1000/1000 architectural

Linked list length: 960
Stride between loads: -64
MULs in speculation window: 110
0/1000 transient, 1000/1000 architectural

Linked list length: 960
Stride between loads: -64
MULs in speculation window: 120
1/1000 transient, 1000/1000 architectural

Linked list length: 960
Stride between loads: -64
MULs in speculation window: 130
1/1000 transient, 1000/1000 architectural

Linked list length: 960
Stride between loads: -64
MULs in speculation window: 140
1/1000 transient, 1000/1000 architectural

Linked list length: 960
Stride between loads: -64
MULs in speculation window: 150
963/1000 transient, 1000/1000 architectural

Linked list length: 960
Stride between loads: -64
MULs in speculation window: 160
998/1000 transient, 1000/1000 architectural

Linked list length: 960
Stride between loads: -64
MULs in speculation window: 170
998/1000 transient, 1000/1000 architectural

Linked list length: 960
Stride between loads: -64
MULs in speculation window: 180
998/1000 transient, 1000/1000 architectural

Linked list length: 960
Stride between loads: -64
MULs in speculation window: 190
1/1000 transient, 1000/1000 architectural

Linked list length: 960
Stride between loads: -64
MULs in speculation window: 200
0/1000 transient, 1000/1000 architectural

Linked list length: 960
Stride between loads: -64
MULs in speculation window: 210
962/1000 transient, 1000/1000 architectural

Linked list length: 960
Stride between loads: -64
MULs in speculation window: 220
1/1000 transient, 1000/1000 architectural

Linked list length: 960
Stride between loads: -64
MULs in speculation window: 230
4/1000 transient, 1000/1000 architectural

Linked list length: 960
Stride between loads: -64
MULs in speculation window: 240
2/1000 transient, 1000/1000 architectural

Linked list length: 960
Stride between loads: -64
MULs in speculation window: 250
0/1000 transient, 1000/1000 architectural

Linked list length: 960
Stride between loads: -64
MULs in speculation window: 260
0/1000 transient, 1000/1000 architectural

Linked list length: 960
Stride between loads: -64
MULs in speculation window: 270
0/1000 transient, 1000/1000 architectural

Linked list length: 960
Stride between loads: -64
MULs in speculation window: 280
1/1000 transient, 1000/1000 architectural

Linked list length: 960
Stride between loads: -64
MULs in speculation window: 290
2/1000 transient, 1000/1000 architectural

Linked list length: 960
Stride between loads: -64
MULs in speculation window: 300
0/1000 transient, 1000/1000 architectural

Last node cached, predicted address flushed:
Linked list length: 960
Stride between loads: -64
MULs in speculation window: 0
0/1000 transient, 1000/1000 architectural

Linked list length: 960
Stride between loads: -64
MULs in speculation window: 10
0/1000 transient, 1000/1000 architectural

Linked list length: 960
Stride between loads: -64
MULs in speculation window: 20
0/1000 transient, 1000/1000 architectural

Linked list length: 960
Stride between loads: -64
MULs in speculation window: 30
0/1000 transient, 1000/1000 architectural

Linked list length: 960
Stride between loads: -64
MULs in speculation window: 40
0/1000 transient, 1000/1000 architectural

Linked list length: 960
Stride between loads: -64
MULs in speculation window: 50
0/1000 transient, 1000/1000 architectural

Linked list length: 960
Stride between loads: -64
MULs in speculation window: 60
0/1000 transient, 1000/1000 architectural

Linked list length: 960
Stride between loads: -64
MULs in speculation window: 70
0/1000 transient, 1000/1000 architectural

Linked list length: 960
Stride between loads: -64
MULs in speculation window: 80
0/1000 transient, 1000/1000 architectural

Linked list length: 960
Stride between loads: -64
MULs in speculation window: 90
0/1000 transient, 1000/1000 architectural

Linked list length: 960
Stride between loads: -64
MULs in speculation window: 100
0/1000 transient, 1000/1000 architectural

Linked list length: 960
Stride between loads: -64
MULs in speculation window: 110
0/1000 transient, 1000/1000 architectural

Linked list length: 960
Stride between loads: -64
MULs in speculation window: 120
12/1000 transient, 1000/1000 architectural

Linked list length: 960
Stride between loads: -64
MULs in speculation window: 130
0/1000 transient, 1000/1000 architectural

Linked list length: 960
Stride between loads: -64
MULs in speculation window: 140
0/1000 transient, 1000/1000 architectural

Linked list length: 960
Stride between loads: -64
MULs in speculation window: 150
0/1000 transient, 1000/1000 architectural

Linked list length: 960
Stride between loads: -64
MULs in speculation window: 160
0/1000 transient, 1000/1000 architectural

Linked list length: 960
Stride between loads: -64
MULs in speculation window: 170
0/1000 transient, 1000/1000 architectural

Linked list length: 960
Stride between loads: -64
MULs in speculation window: 180
0/1000 transient, 999/1000 architectural

Linked list length: 960
Stride between loads: -64
MULs in speculation window: 190
0/1000 transient, 1000/1000 architectural

Linked list length: 960
Stride between loads: -64
MULs in speculation window: 200
0/1000 transient, 1000/1000 architectural

Linked list length: 960
Stride between loads: -64
MULs in speculation window: 210
0/1000 transient, 1000/1000 architectural

Linked list length: 960
Stride between loads: -64
MULs in speculation window: 220
0/1000 transient, 1000/1000 architectural

Linked list length: 960
Stride between loads: -64
MULs in speculation window: 230
11/1000 transient, 1000/1000 architectural

Linked list length: 960
Stride between loads: -64
MULs in speculation window: 240
0/1000 transient, 1000/1000 architectural

Linked list length: 960
Stride between loads: -64
MULs in speculation window: 250
0/1000 transient, 1000/1000 architectural

Linked list length: 960
Stride between loads: -64
MULs in speculation window: 260
0/1000 transient, 1000/1000 architectural

Linked list length: 960
Stride between loads: -64
MULs in speculation window: 270
0/1000 transient, 1000/1000 architectural

Linked list length: 960
Stride between loads: -64
MULs in speculation window: 280
0/1000 transient, 1000/1000 architectural

Linked list length: 960
Stride between loads: -64
MULs in speculation window: 290
0/1000 transient, 1000/1000 architectural

Linked list length: 960
Stride between loads: -64
MULs in speculation window: 300
0/1000 transient, 1000/1000 architectural

